{"/Users/kleeut/dev/adventOfCode2022/src/day1/solution.ts": {"path":"/Users/kleeut/dev/adventOfCode2022/src/day1/solution.ts","statementMap":{"0":{"start":{"line":2,"column":16},"end":{"line":2,"column":null}},"1":{"start":{"line":2,"column":45},"end":{"line":2,"column":53}},"2":{"start":{"line":3,"column":14},"end":{"line":16,"column":null}},"3":{"start":{"line":5,"column":6},"end":{"line":12,"column":null}},"4":{"start":{"line":6,"column":8},"end":{"line":6,"column":null}},"5":{"start":{"line":8,"column":8},"end":{"line":10,"column":null}},"6":{"start":{"line":9,"column":10},"end":{"line":9,"column":null}},"7":{"start":{"line":11,"column":8},"end":{"line":11,"column":null}},"8":{"start":{"line":13,"column":6},"end":{"line":13,"column":null}},"9":{"start":{"line":17,"column":2},"end":{"line":17,"column":null}},"10":{"start":{"line":20,"column":16},"end":{"line":20,"column":null}},"11":{"start":{"line":20,"column":45},"end":{"line":20,"column":53}},"12":{"start":{"line":21,"column":14},"end":{"line":35,"column":null}},"13":{"start":{"line":23,"column":6},"end":{"line":31,"column":null}},"14":{"start":{"line":24,"column":8},"end":{"line":24,"column":null}},"15":{"start":{"line":26,"column":26},"end":{"line":26,"column":null}},"16":{"start":{"line":27,"column":8},"end":{"line":27,"column":null}},"17":{"start":{"line":27,"column":33},"end":{"line":27,"column":38}},"18":{"start":{"line":29,"column":8},"end":{"line":29,"column":null}},"19":{"start":{"line":30,"column":8},"end":{"line":30,"column":null}},"20":{"start":{"line":32,"column":6},"end":{"line":32,"column":null}},"21":{"start":{"line":36,"column":20},"end":{"line":36,"column":null}},"22":{"start":{"line":37,"column":2},"end":{"line":37,"column":null}},"23":{"start":{"line":37,"column":27},"end":{"line":37,"column":32}},"24":{"start":{"line":39,"column":14},"end":{"line":39,"column":null}},"25":{"start":{"line":40,"column":2},"end":{"line":40,"column":null}},"26":{"start":{"line":40,"column":30},"end":{"line":40,"column":37}}},"fnMap":{"0":{"name":"solution","decl":{"start":{"line":1,"column":16},"end":{"line":1,"column":25}},"loc":{"start":{"line":1,"column":48},"end":{"line":18,"column":null}}},"1":{"name":"(anonymous_1)","decl":{"start":{"line":2,"column":38},"end":{"line":2,"column":39}},"loc":{"start":{"line":2,"column":45},"end":{"line":2,"column":53}}},"2":{"name":"(anonymous_2)","decl":{"start":{"line":4,"column":4},"end":{"line":4,"column":5}},"loc":{"start":{"line":4,"column":22},"end":{"line":14,"column":null}}},"3":{"name":"solution2","decl":{"start":{"line":19,"column":16},"end":{"line":19,"column":26}},"loc":{"start":{"line":19,"column":49},"end":{"line":41,"column":null}}},"4":{"name":"(anonymous_4)","decl":{"start":{"line":20,"column":38},"end":{"line":20,"column":39}},"loc":{"start":{"line":20,"column":45},"end":{"line":20,"column":53}}},"5":{"name":"(anonymous_5)","decl":{"start":{"line":22,"column":4},"end":{"line":22,"column":5}},"loc":{"start":{"line":22,"column":22},"end":{"line":33,"column":null}}},"6":{"name":"(anonymous_6)","decl":{"start":{"line":27,"column":23},"end":{"line":27,"column":24}},"loc":{"start":{"line":27,"column":33},"end":{"line":27,"column":38}}},"7":{"name":"(anonymous_7)","decl":{"start":{"line":37,"column":17},"end":{"line":37,"column":18}},"loc":{"start":{"line":37,"column":27},"end":{"line":37,"column":32}}},"8":{"name":"(anonymous_8)","decl":{"start":{"line":40,"column":20},"end":{"line":40,"column":21}},"loc":{"start":{"line":40,"column":30},"end":{"line":40,"column":37}}}},"branchMap":{"0":{"loc":{"start":{"line":5,"column":6},"end":{"line":12,"column":null}},"type":"if","locations":[{"start":{"line":5,"column":6},"end":{"line":12,"column":null}},{"start":{"line":7,"column":13},"end":{"line":12,"column":null}}]},"1":{"loc":{"start":{"line":8,"column":8},"end":{"line":10,"column":null}},"type":"if","locations":[{"start":{"line":8,"column":8},"end":{"line":10,"column":null}},{"start":{"line":8,"column":8},"end":{"line":10,"column":null}}]},"2":{"loc":{"start":{"line":23,"column":6},"end":{"line":31,"column":null}},"type":"if","locations":[{"start":{"line":23,"column":6},"end":{"line":31,"column":null}},{"start":{"line":25,"column":13},"end":{"line":31,"column":null}}]}},"s":{"0":2,"1":24,"2":2,"3":24,"4":17,"5":7,"6":5,"7":7,"8":24,"9":2,"10":2,"11":24,"12":2,"13":24,"14":17,"15":7,"16":7,"17":35,"18":7,"19":7,"20":24,"21":2,"22":2,"23":10,"24":2,"25":2,"26":6},"f":{"0":2,"1":24,"2":24,"3":2,"4":24,"5":24,"6":35,"7":10,"8":6},"b":{"0":[17,7],"1":[5,2],"2":[17,7]}}
,"/Users/kleeut/dev/adventOfCode2022/src/day2/Play.ts": {"path":"/Users/kleeut/dev/adventOfCode2022/src/day2/Play.ts","statementMap":{"0":{"start":{"line":1,"column":7},"end":{"line":1,"column":null}},"1":{"start":{"line":2,"column":2},"end":{"line":2,"column":null}},"2":{"start":{"line":3,"column":2},"end":{"line":3,"column":null}},"3":{"start":{"line":4,"column":2},"end":{"line":4,"column":null}},"4":{"start":{"line":1,"column":12},"end":{"line":1,"column":null}}},"fnMap":{"0":{"name":"(anonymous_0)","decl":{"start":{"line":1,"column":7},"end":{"line":1,"column":12}},"loc":{"start":{"line":1,"column":7},"end":{"line":1,"column":null}}}},"branchMap":{"0":{"loc":{"start":{"line":1,"column":12},"end":{"line":1,"column":null}},"type":"binary-expr","locations":[{"start":{"line":1,"column":12},"end":{"line":1,"column":null}},{"start":{"line":1,"column":12},"end":{"line":1,"column":null}}]}},"s":{"0":1,"1":1,"2":1,"3":1,"4":1},"f":{"0":1},"b":{"0":[1,1]}}
,"/Users/kleeut/dev/adventOfCode2022/src/day2/Result.ts": {"path":"/Users/kleeut/dev/adventOfCode2022/src/day2/Result.ts","statementMap":{"0":{"start":{"line":1,"column":7},"end":{"line":1,"column":null}},"1":{"start":{"line":2,"column":2},"end":{"line":2,"column":9}},"2":{"start":{"line":3,"column":2},"end":{"line":3,"column":9}},"3":{"start":{"line":4,"column":2},"end":{"line":4,"column":8}},"4":{"start":{"line":1,"column":12},"end":{"line":1,"column":null}}},"fnMap":{"0":{"name":"(anonymous_0)","decl":{"start":{"line":1,"column":7},"end":{"line":1,"column":12}},"loc":{"start":{"line":1,"column":7},"end":{"line":1,"column":null}}}},"branchMap":{"0":{"loc":{"start":{"line":1,"column":12},"end":{"line":1,"column":null}},"type":"binary-expr","locations":[{"start":{"line":1,"column":12},"end":{"line":1,"column":null}},{"start":{"line":1,"column":12},"end":{"line":1,"column":null}}]}},"s":{"0":1,"1":1,"2":1,"3":1,"4":1},"f":{"0":1},"b":{"0":[1,1]}}
,"/Users/kleeut/dev/adventOfCode2022/src/day2/solution.ts": {"path":"/Users/kleeut/dev/adventOfCode2022/src/day2/solution.ts","statementMap":{"0":{"start":{"line":4,"column":20},"end":{"line":11,"column":null}},"1":{"start":{"line":13,"column":20},"end":{"line":17,"column":null}},"2":{"start":{"line":24,"column":15},"end":{"line":24,"column":null}},"3":{"start":{"line":25,"column":13},"end":{"line":25,"column":null}},"4":{"start":{"line":26,"column":2},"end":{"line":26,"column":null}},"5":{"start":{"line":30,"column":15},"end":{"line":30,"column":null}},"6":{"start":{"line":31,"column":2},"end":{"line":41,"column":null}},"7":{"start":{"line":32,"column":4},"end":{"line":34,"column":null}},"8":{"start":{"line":33,"column":6},"end":{"line":33,"column":null}},"9":{"start":{"line":35,"column":4},"end":{"line":37,"column":null}},"10":{"start":{"line":36,"column":6},"end":{"line":36,"column":null}},"11":{"start":{"line":38,"column":4},"end":{"line":40,"column":null}},"12":{"start":{"line":39,"column":6},"end":{"line":39,"column":null}},"13":{"start":{"line":43,"column":2},"end":{"line":43,"column":null}},"14":{"start":{"line":47,"column":16},"end":{"line":56,"column":null}},"15":{"start":{"line":49,"column":19},"end":{"line":49,"column":20}},"16":{"start":{"line":51,"column":25},"end":{"line":51,"column":null}},"17":{"start":{"line":52,"column":6},"end":{"line":55,"column":null}},"18":{"start":{"line":58,"column":2},"end":{"line":58,"column":null}},"19":{"start":{"line":58,"column":39},"end":{"line":58,"column":68}},"20":{"start":{"line":61,"column":33},"end":{"line":65,"column":null}},"21":{"start":{"line":68,"column":16},"end":{"line":78,"column":null}},"22":{"start":{"line":70,"column":19},"end":{"line":70,"column":20}},"23":{"start":{"line":72,"column":36},"end":{"line":72,"column":null}},"24":{"start":{"line":73,"column":19},"end":{"line":73,"column":null}},"25":{"start":{"line":74,"column":6},"end":{"line":77,"column":null}},"26":{"start":{"line":79,"column":2},"end":{"line":82,"column":null}},"27":{"start":{"line":80,"column":21},"end":{"line":80,"column":null}},"28":{"start":{"line":86,"column":2},"end":{"line":95,"column":null}},"29":{"start":{"line":87,"column":4},"end":{"line":94,"column":null}},"30":{"start":{"line":89,"column":8},"end":{"line":89,"column":null}},"31":{"start":{"line":91,"column":8},"end":{"line":91,"column":null}},"32":{"start":{"line":93,"column":8},"end":{"line":93,"column":null}},"33":{"start":{"line":96,"column":2},"end":{"line":105,"column":null}},"34":{"start":{"line":97,"column":4},"end":{"line":104,"column":null}},"35":{"start":{"line":99,"column":8},"end":{"line":99,"column":null}},"36":{"start":{"line":101,"column":8},"end":{"line":101,"column":null}},"37":{"start":{"line":103,"column":8},"end":{"line":103,"column":null}},"38":{"start":{"line":106,"column":2},"end":{"line":106,"column":null}}},"fnMap":{"0":{"name":"resultForTurn","decl":{"start":{"line":23,"column":16},"end":{"line":23,"column":30}},"loc":{"start":{"line":23,"column":50},"end":{"line":27,"column":null}}},"1":{"name":"resultForPlays","decl":{"start":{"line":29,"column":9},"end":{"line":29,"column":24}},"loc":{"start":{"line":29,"column":54},"end":{"line":44,"column":null}}},"2":{"name":"calculateResult","decl":{"start":{"line":46,"column":16},"end":{"line":46,"column":32}},"loc":{"start":{"line":46,"column":55},"end":{"line":59,"column":null}}},"3":{"name":"(anonymous_3)","decl":{"start":{"line":49,"column":12},"end":{"line":49,"column":13}},"loc":{"start":{"line":49,"column":19},"end":{"line":49,"column":20}}},"4":{"name":"(anonymous_4)","decl":{"start":{"line":50,"column":9},"end":{"line":50,"column":10}},"loc":{"start":{"line":50,"column":16},"end":{"line":56,"column":5}}},"5":{"name":"(anonymous_5)","decl":{"start":{"line":58,"column":22},"end":{"line":58,"column":23}},"loc":{"start":{"line":58,"column":39},"end":{"line":58,"column":68}}},"6":{"name":"calculateResult2","decl":{"start":{"line":67,"column":16},"end":{"line":67,"column":33}},"loc":{"start":{"line":67,"column":56},"end":{"line":83,"column":null}}},"7":{"name":"(anonymous_7)","decl":{"start":{"line":70,"column":12},"end":{"line":70,"column":13}},"loc":{"start":{"line":70,"column":19},"end":{"line":70,"column":20}}},"8":{"name":"(anonymous_8)","decl":{"start":{"line":71,"column":9},"end":{"line":71,"column":10}},"loc":{"start":{"line":71,"column":16},"end":{"line":78,"column":5}}},"9":{"name":"(anonymous_9)","decl":{"start":{"line":80,"column":4},"end":{"line":80,"column":5}},"loc":{"start":{"line":80,"column":21},"end":{"line":80,"column":null}}},"10":{"name":"findDesiredPlay","decl":{"start":{"line":85,"column":16},"end":{"line":85,"column":32}},"loc":{"start":{"line":85,"column":73},"end":{"line":107,"column":null}}}},"branchMap":{"0":{"loc":{"start":{"line":31,"column":2},"end":{"line":41,"column":null}},"type":"if","locations":[{"start":{"line":31,"column":2},"end":{"line":41,"column":null}},{"start":{"line":31,"column":2},"end":{"line":41,"column":null}}]},"1":{"loc":{"start":{"line":32,"column":4},"end":{"line":34,"column":null}},"type":"if","locations":[{"start":{"line":32,"column":4},"end":{"line":34,"column":null}},{"start":{"line":32,"column":4},"end":{"line":34,"column":null}}]},"2":{"loc":{"start":{"line":33,"column":15},"end":{"line":33,"column":null}},"type":"cond-expr","locations":[{"start":{"line":33,"column":34},"end":{"line":33,"column":48}},{"start":{"line":33,"column":48},"end":{"line":33,"column":null}}]},"3":{"loc":{"start":{"line":35,"column":4},"end":{"line":37,"column":null}},"type":"if","locations":[{"start":{"line":35,"column":4},"end":{"line":37,"column":null}},{"start":{"line":35,"column":4},"end":{"line":37,"column":null}}]},"4":{"loc":{"start":{"line":36,"column":15},"end":{"line":36,"column":null}},"type":"cond-expr","locations":[{"start":{"line":36,"column":38},"end":{"line":36,"column":52}},{"start":{"line":36,"column":52},"end":{"line":36,"column":null}}]},"5":{"loc":{"start":{"line":38,"column":4},"end":{"line":40,"column":null}},"type":"if","locations":[{"start":{"line":38,"column":4},"end":{"line":40,"column":null}},{"start":{"line":38,"column":4},"end":{"line":40,"column":null}}]},"6":{"loc":{"start":{"line":39,"column":15},"end":{"line":39,"column":null}},"type":"cond-expr","locations":[{"start":{"line":39,"column":35},"end":{"line":39,"column":49}},{"start":{"line":39,"column":49},"end":{"line":39,"column":null}}]},"7":{"loc":{"start":{"line":86,"column":2},"end":{"line":95,"column":null}},"type":"if","locations":[{"start":{"line":86,"column":2},"end":{"line":95,"column":null}},{"start":{"line":86,"column":2},"end":{"line":95,"column":null}}]},"8":{"loc":{"start":{"line":87,"column":4},"end":{"line":94,"column":null}},"type":"switch","locations":[{"start":{"line":88,"column":6},"end":{"line":89,"column":null}},{"start":{"line":90,"column":6},"end":{"line":91,"column":null}},{"start":{"line":92,"column":6},"end":{"line":93,"column":null}}]},"9":{"loc":{"start":{"line":96,"column":2},"end":{"line":105,"column":null}},"type":"if","locations":[{"start":{"line":96,"column":2},"end":{"line":105,"column":null}},{"start":{"line":96,"column":2},"end":{"line":105,"column":null}}]},"10":{"loc":{"start":{"line":97,"column":4},"end":{"line":104,"column":null}},"type":"switch","locations":[{"start":{"line":98,"column":6},"end":{"line":99,"column":null}},{"start":{"line":100,"column":6},"end":{"line":101,"column":null}},{"start":{"line":102,"column":6},"end":{"line":103,"column":null}}]}},"s":{"0":1,"1":1,"2":4,"3":4,"4":4,"5":15,"6":15,"7":12,"8":4,"9":12,"10":2,"11":12,"12":6,"13":15,"14":4,"15":5,"16":4,"17":4,"18":4,"19":4,"20":1,"21":11,"22":12,"23":11,"24":11,"25":11,"26":11,"27":11,"28":20,"29":6,"30":2,"31":2,"32":2,"33":14,"34":9,"35":3,"36":4,"37":2,"38":5},"f":{"0":4,"1":15,"2":4,"3":5,"4":4,"5":4,"6":11,"7":12,"8":11,"9":11,"10":20},"b":{"0":[12,3],"1":[4,8],"2":[3,1],"3":[2,10],"4":[1,1],"5":[6,6],"6":[3,3],"7":[6,14],"8":[2,2,2],"9":[9,5],"10":[3,4,2]}}
,"/Users/kleeut/dev/adventOfCode2022/src/day3/solution.ts": {"path":"/Users/kleeut/dev/adventOfCode2022/src/day3/solution.ts","statementMap":{"0":{"start":{"line":2,"column":2},"end":{"line":4,"column":null}},"1":{"start":{"line":3,"column":4},"end":{"line":3,"column":null}},"2":{"start":{"line":5,"column":19},"end":{"line":5,"column":null}},"3":{"start":{"line":6,"column":2},"end":{"line":8,"column":null}},"4":{"start":{"line":7,"column":4},"end":{"line":7,"column":null}},"5":{"start":{"line":9,"column":2},"end":{"line":9,"column":null}},"6":{"start":{"line":13,"column":16},"end":{"line":13,"column":null}},"7":{"start":{"line":14,"column":16},"end":{"line":14,"column":null}},"8":{"start":{"line":15,"column":2},"end":{"line":19,"column":null}},"9":{"start":{"line":16,"column":4},"end":{"line":18,"column":null}},"10":{"start":{"line":17,"column":6},"end":{"line":17,"column":null}},"11":{"start":{"line":20,"column":2},"end":{"line":20,"column":null}},"12":{"start":{"line":24,"column":2},"end":{"line":29,"column":null}},"13":{"start":{"line":26,"column":19},"end":{"line":26,"column":20}},"14":{"start":{"line":28,"column":6},"end":{"line":28,"column":null}},"15":{"start":{"line":33,"column":2},"end":{"line":37,"column":null}},"16":{"start":{"line":34,"column":4},"end":{"line":36,"column":null}},"17":{"start":{"line":35,"column":6},"end":{"line":35,"column":null}},"18":{"start":{"line":38,"column":2},"end":{"line":38,"column":null}},"19":{"start":{"line":42,"column":16},"end":{"line":42,"column":null}},"20":{"start":{"line":43,"column":29},"end":{"line":43,"column":null}},"21":{"start":{"line":44,"column":2},"end":{"line":46,"column":null}},"22":{"start":{"line":44,"column":15},"end":{"line":44,"column":18}},"23":{"start":{"line":45,"column":4},"end":{"line":45,"column":null}},"24":{"start":{"line":47,"column":2},"end":{"line":49,"column":null}},"25":{"start":{"line":48,"column":4},"end":{"line":48,"column":null}}},"fnMap":{"0":{"name":"letterToPriority","decl":{"start":{"line":1,"column":16},"end":{"line":1,"column":33}},"loc":{"start":{"line":1,"column":57},"end":{"line":10,"column":null}}},"1":{"name":"findDuplicate","decl":{"start":{"line":12,"column":16},"end":{"line":12,"column":30}},"loc":{"start":{"line":12,"column":53},"end":{"line":21,"column":null}}},"2":{"name":"part1","decl":{"start":{"line":23,"column":16},"end":{"line":23,"column":22}},"loc":{"start":{"line":23,"column":45},"end":{"line":30,"column":null}}},"3":{"name":"(anonymous_3)","decl":{"start":{"line":26,"column":12},"end":{"line":26,"column":13}},"loc":{"start":{"line":26,"column":19},"end":{"line":26,"column":20}}},"4":{"name":"(anonymous_4)","decl":{"start":{"line":27,"column":12},"end":{"line":27,"column":13}},"loc":{"start":{"line":27,"column":29},"end":{"line":29,"column":7}}},"5":{"name":"findDuplicateInGroup","decl":{"start":{"line":32,"column":16},"end":{"line":32,"column":37}},"loc":{"start":{"line":32,"column":74},"end":{"line":39,"column":null}}},"6":{"name":"part2","decl":{"start":{"line":41,"column":16},"end":{"line":41,"column":22}},"loc":{"start":{"line":41,"column":45},"end":{"line":50,"column":null}}},"7":{"name":"(anonymous_7)","decl":{"start":{"line":47,"column":23},"end":{"line":47,"column":24}},"loc":{"start":{"line":47,"column":41},"end":{"line":49,"column":5}}}},"branchMap":{"0":{"loc":{"start":{"line":2,"column":2},"end":{"line":4,"column":null}},"type":"if","locations":[{"start":{"line":2,"column":2},"end":{"line":4,"column":null}},{"start":{"line":2,"column":2},"end":{"line":4,"column":null}}]},"1":{"loc":{"start":{"line":6,"column":2},"end":{"line":8,"column":null}},"type":"if","locations":[{"start":{"line":6,"column":2},"end":{"line":8,"column":null}},{"start":{"line":6,"column":2},"end":{"line":8,"column":null}}]},"2":{"loc":{"start":{"line":16,"column":4},"end":{"line":18,"column":null}},"type":"if","locations":[{"start":{"line":16,"column":4},"end":{"line":18,"column":null}},{"start":{"line":16,"column":4},"end":{"line":18,"column":null}}]},"3":{"loc":{"start":{"line":34,"column":4},"end":{"line":36,"column":null}},"type":"if","locations":[{"start":{"line":34,"column":4},"end":{"line":36,"column":null}},{"start":{"line":34,"column":4},"end":{"line":36,"column":null}}]},"4":{"loc":{"start":{"line":34,"column":8},"end":{"line":34,"column":46}},"type":"binary-expr","locations":[{"start":{"line":34,"column":8},"end":{"line":34,"column":27}},{"start":{"line":34,"column":27},"end":{"line":34,"column":46}}]}},"s":{"0":10,"1":1,"2":9,"3":9,"4":5,"5":4,"6":6,"7":6,"8":6,"9":8,"10":5,"11":1,"12":2,"13":3,"14":3,"15":5,"16":8,"17":4,"18":1,"19":1,"20":1,"21":1,"22":1,"23":2,"24":1,"25":2},"f":{"0":10,"1":6,"2":2,"3":3,"4":3,"5":5,"6":1,"7":2},"b":{"0":[1,9],"1":[5,4],"2":[5,3],"3":[4,4],"4":[8,4]}}
,"/Users/kleeut/dev/adventOfCode2022/src/day4/solution.ts": {"path":"/Users/kleeut/dev/adventOfCode2022/src/day4/solution.ts","statementMap":{"0":{"start":{"line":12,"column":2},"end":{"line":21,"column":null}},"1":{"start":{"line":13,"column":23},"end":{"line":19,"column":null}},"2":{"start":{"line":14,"column":29},"end":{"line":14,"column":null}},"3":{"start":{"line":15,"column":6},"end":{"line":18,"column":null}},"4":{"start":{"line":20,"column":4},"end":{"line":20,"column":null}},"5":{"start":{"line":25,"column":2},"end":{"line":30,"column":null}},"6":{"start":{"line":29,"column":4},"end":{"line":29,"column":null}},"7":{"start":{"line":31,"column":2},"end":{"line":36,"column":null}},"8":{"start":{"line":35,"column":4},"end":{"line":35,"column":null}},"9":{"start":{"line":37,"column":2},"end":{"line":37,"column":null}},"10":{"start":{"line":41,"column":2},"end":{"line":46,"column":null}},"11":{"start":{"line":45,"column":4},"end":{"line":45,"column":null}},"12":{"start":{"line":47,"column":2},"end":{"line":52,"column":null}},"13":{"start":{"line":51,"column":4},"end":{"line":51,"column":null}},"14":{"start":{"line":53,"column":2},"end":{"line":58,"column":null}},"15":{"start":{"line":57,"column":4},"end":{"line":57,"column":null}},"16":{"start":{"line":59,"column":2},"end":{"line":59,"column":null}},"17":{"start":{"line":63,"column":2},"end":{"line":63,"column":null}},"18":{"start":{"line":67,"column":2},"end":{"line":67,"column":null}}},"fnMap":{"0":{"name":"parseInput","decl":{"start":{"line":11,"column":16},"end":{"line":11,"column":27}},"loc":{"start":{"line":11,"column":52},"end":{"line":22,"column":null}}},"1":{"name":"(anonymous_1)","decl":{"start":{"line":12,"column":31},"end":{"line":12,"column":32}},"loc":{"start":{"line":12,"column":41},"end":{"line":21,"column":3}}},"2":{"name":"(anonymous_2)","decl":{"start":{"line":13,"column":43},"end":{"line":13,"column":44}},"loc":{"start":{"line":13,"column":55},"end":{"line":19,"column":5}}},"3":{"name":"isCompleteOverlap","decl":{"start":{"line":24,"column":16},"end":{"line":24,"column":34}},"loc":{"start":{"line":24,"column":59},"end":{"line":38,"column":null}}},"4":{"name":"isPartialOverlap","decl":{"start":{"line":40,"column":16},"end":{"line":40,"column":33}},"loc":{"start":{"line":40,"column":58},"end":{"line":60,"column":null}}},"5":{"name":"part1","decl":{"start":{"line":62,"column":16},"end":{"line":62,"column":22}},"loc":{"start":{"line":62,"column":45},"end":{"line":64,"column":null}}},"6":{"name":"part2","decl":{"start":{"line":66,"column":16},"end":{"line":66,"column":22}},"loc":{"start":{"line":66,"column":45},"end":{"line":68,"column":null}}}},"branchMap":{"0":{"loc":{"start":{"line":25,"column":2},"end":{"line":30,"column":null}},"type":"if","locations":[{"start":{"line":25,"column":2},"end":{"line":30,"column":null}},{"start":{"line":25,"column":2},"end":{"line":30,"column":null}}]},"1":{"loc":{"start":{"line":26,"column":4},"end":{"line":27,"column":null}},"type":"binary-expr","locations":[{"start":{"line":26,"column":4},"end":{"line":26,"column":null}},{"start":{"line":27,"column":4},"end":{"line":27,"column":null}}]},"2":{"loc":{"start":{"line":31,"column":2},"end":{"line":36,"column":null}},"type":"if","locations":[{"start":{"line":31,"column":2},"end":{"line":36,"column":null}},{"start":{"line":31,"column":2},"end":{"line":36,"column":null}}]},"3":{"loc":{"start":{"line":32,"column":4},"end":{"line":33,"column":null}},"type":"binary-expr","locations":[{"start":{"line":32,"column":4},"end":{"line":32,"column":null}},{"start":{"line":33,"column":4},"end":{"line":33,"column":null}}]},"4":{"loc":{"start":{"line":41,"column":2},"end":{"line":46,"column":null}},"type":"if","locations":[{"start":{"line":41,"column":2},"end":{"line":46,"column":null}},{"start":{"line":41,"column":2},"end":{"line":46,"column":null}}]},"5":{"loc":{"start":{"line":42,"column":4},"end":{"line":43,"column":null}},"type":"binary-expr","locations":[{"start":{"line":42,"column":4},"end":{"line":42,"column":null}},{"start":{"line":43,"column":4},"end":{"line":43,"column":null}}]},"6":{"loc":{"start":{"line":47,"column":2},"end":{"line":52,"column":null}},"type":"if","locations":[{"start":{"line":47,"column":2},"end":{"line":52,"column":null}},{"start":{"line":47,"column":2},"end":{"line":52,"column":null}}]},"7":{"loc":{"start":{"line":48,"column":4},"end":{"line":49,"column":null}},"type":"binary-expr","locations":[{"start":{"line":48,"column":4},"end":{"line":48,"column":null}},{"start":{"line":49,"column":4},"end":{"line":49,"column":null}}]},"8":{"loc":{"start":{"line":53,"column":2},"end":{"line":58,"column":null}},"type":"if","locations":[{"start":{"line":53,"column":2},"end":{"line":58,"column":null}},{"start":{"line":53,"column":2},"end":{"line":58,"column":null}}]},"9":{"loc":{"start":{"line":54,"column":4},"end":{"line":55,"column":null}},"type":"binary-expr","locations":[{"start":{"line":54,"column":4},"end":{"line":54,"column":null}},{"start":{"line":55,"column":4},"end":{"line":55,"column":null}}]}},"s":{"0":3,"1":7,"2":14,"3":14,"4":7,"5":10,"6":2,"7":8,"8":4,"9":4,"10":11,"11":6,"12":5,"13":1,"14":4,"15":1,"16":3,"17":1,"18":1},"f":{"0":3,"1":7,"2":14,"3":10,"4":11,"5":1,"6":1},"b":{"0":[2,8],"1":[10,6],"2":[4,4],"3":[8,5],"4":[6,5],"5":[11,9],"6":[1,4],"7":[5,2],"8":[1,3],"9":[4,3]}}
,"/Users/kleeut/dev/adventOfCode2022/src/day5/solution.ts": {"path":"/Users/kleeut/dev/adventOfCode2022/src/day5/solution.ts","statementMap":{"0":{"start":{"line":25,"column":22},"end":{"line":25,"column":null}},"1":{"start":{"line":26,"column":47},"end":{"line":26,"column":null}},"2":{"start":{"line":27,"column":2},"end":{"line":29,"column":null}},"3":{"start":{"line":27,"column":15},"end":{"line":27,"column":18}},"4":{"start":{"line":28,"column":4},"end":{"line":28,"column":null}},"5":{"start":{"line":30,"column":2},"end":{"line":30,"column":null}},"6":{"start":{"line":34,"column":47},"end":{"line":34,"column":null}},"7":{"start":{"line":35,"column":2},"end":{"line":35,"column":null}},"8":{"start":{"line":39,"column":25},"end":{"line":39,"column":null}},"9":{"start":{"line":40,"column":2},"end":{"line":42,"column":null}},"10":{"start":{"line":41,"column":4},"end":{"line":41,"column":null}},"11":{"start":{"line":43,"column":2},"end":{"line":49,"column":null}},"12":{"start":{"line":44,"column":4},"end":{"line":47,"column":null}},"13":{"start":{"line":45,"column":16},"end":{"line":45,"column":null}},"14":{"start":{"line":46,"column":6},"end":{"line":46,"column":null}},"15":{"start":{"line":48,"column":4},"end":{"line":48,"column":null}},"16":{"start":{"line":55,"column":2},"end":{"line":60,"column":null}},"17":{"start":{"line":56,"column":4},"end":{"line":58,"column":null}},"18":{"start":{"line":57,"column":6},"end":{"line":57,"column":null}},"19":{"start":{"line":59,"column":4},"end":{"line":59,"column":null}},"20":{"start":{"line":64,"column":16},"end":{"line":64,"column":null}},"21":{"start":{"line":65,"column":25},"end":{"line":65,"column":null}},"22":{"start":{"line":66,"column":37},"end":{"line":66,"column":null}},"23":{"start":{"line":67,"column":18},"end":{"line":67,"column":null}},"24":{"start":{"line":68,"column":20},"end":{"line":68,"column":null}},"25":{"start":{"line":70,"column":17},"end":{"line":70,"column":null}},"26":{"start":{"line":71,"column":16},"end":{"line":71,"column":null}},"27":{"start":{"line":72,"column":2},"end":{"line":75,"column":null}},"28":{"start":{"line":79,"column":16},"end":{"line":79,"column":null}},"29":{"start":{"line":80,"column":25},"end":{"line":80,"column":null}},"30":{"start":{"line":81,"column":37},"end":{"line":81,"column":null}},"31":{"start":{"line":82,"column":18},"end":{"line":82,"column":null}},"32":{"start":{"line":83,"column":20},"end":{"line":83,"column":null}},"33":{"start":{"line":85,"column":17},"end":{"line":85,"column":null}},"34":{"start":{"line":86,"column":16},"end":{"line":86,"column":null}},"35":{"start":{"line":87,"column":2},"end":{"line":90,"column":null}},"36":{"start":{"line":94,"column":24},"end":{"line":94,"column":null}},"37":{"start":{"line":95,"column":2},"end":{"line":98,"column":null}},"38":{"start":{"line":96,"column":18},"end":{"line":96,"column":null}},"39":{"start":{"line":97,"column":4},"end":{"line":97,"column":null}},"40":{"start":{"line":99,"column":2},"end":{"line":99,"column":null}},"41":{"start":{"line":103,"column":38},"end":{"line":103,"column":null}},"42":{"start":{"line":104,"column":2},"end":{"line":104,"column":null}},"43":{"start":{"line":105,"column":2},"end":{"line":105,"column":null}},"44":{"start":{"line":106,"column":2},"end":{"line":106,"column":null}},"45":{"start":{"line":113,"column":16},"end":{"line":113,"column":null}},"46":{"start":{"line":114,"column":27},"end":{"line":114,"column":null}},"47":{"start":{"line":115,"column":2},"end":{"line":115,"column":null}},"48":{"start":{"line":116,"column":2},"end":{"line":116,"column":null}},"49":{"start":{"line":117,"column":2},"end":{"line":117,"column":null}},"50":{"start":{"line":121,"column":15},"end":{"line":121,"column":null}},"51":{"start":{"line":122,"column":2},"end":{"line":124,"column":null}},"52":{"start":{"line":123,"column":4},"end":{"line":123,"column":null}},"53":{"start":{"line":126,"column":2},"end":{"line":126,"column":null}},"54":{"start":{"line":130,"column":15},"end":{"line":130,"column":null}},"55":{"start":{"line":131,"column":2},"end":{"line":133,"column":null}},"56":{"start":{"line":132,"column":4},"end":{"line":132,"column":null}},"57":{"start":{"line":135,"column":2},"end":{"line":135,"column":null}}},"fnMap":{"0":{"name":"lineToMoves","decl":{"start":{"line":24,"column":9},"end":{"line":24,"column":21}},"loc":{"start":{"line":24,"column":43},"end":{"line":31,"column":null}}},"1":{"name":"lineToMovesWithCount","decl":{"start":{"line":33,"column":9},"end":{"line":33,"column":30}},"loc":{"start":{"line":33,"column":59},"end":{"line":36,"column":null}}},"2":{"name":"stackLinesToStacks","decl":{"start":{"line":38,"column":9},"end":{"line":38,"column":28}},"loc":{"start":{"line":38,"column":74},"end":{"line":50,"column":null}}},"3":{"name":"(anonymous_3)","decl":{"start":{"line":40,"column":18},"end":{"line":40,"column":19}},"loc":{"start":{"line":40,"column":25},"end":{"line":42,"column":3}}},"4":{"name":"(anonymous_4)","decl":{"start":{"line":43,"column":27},"end":{"line":43,"column":28}},"loc":{"start":{"line":43,"column":45},"end":{"line":49,"column":5}}},"5":{"name":"(anonymous_5)","decl":{"start":{"line":44,"column":20},"end":{"line":44,"column":21}},"loc":{"start":{"line":44,"column":27},"end":{"line":47,"column":5}}},"6":{"name":"findIndexes","decl":{"start":{"line":54,"column":9},"end":{"line":54,"column":21}},"loc":{"start":{"line":54,"column":52},"end":{"line":61,"column":null}}},"7":{"name":"(anonymous_7)","decl":{"start":{"line":55,"column":36},"end":{"line":55,"column":37}},"loc":{"start":{"line":55,"column":59},"end":{"line":60,"column":5}}},"8":{"name":"parseInput","decl":{"start":{"line":63,"column":16},"end":{"line":63,"column":27}},"loc":{"start":{"line":63,"column":48},"end":{"line":76,"column":null}}},"9":{"name":"parseInputWithMoveCount","decl":{"start":{"line":78,"column":16},"end":{"line":78,"column":40}},"loc":{"start":{"line":78,"column":74},"end":{"line":91,"column":null}}},"10":{"name":"readTopOfStacks","decl":{"start":{"line":93,"column":16},"end":{"line":93,"column":32}},"loc":{"start":{"line":93,"column":56},"end":{"line":100,"column":null}}},"11":{"name":"(anonymous_11)","decl":{"start":{"line":95,"column":30},"end":{"line":95,"column":31}},"loc":{"start":{"line":95,"column":46},"end":{"line":98,"column":3}}},"12":{"name":"applyMove","decl":{"start":{"line":102,"column":16},"end":{"line":102,"column":26}},"loc":{"start":{"line":102,"column":62},"end":{"line":107,"column":null}}},"13":{"name":"applyMoveWithCount","decl":{"start":{"line":109,"column":16},"end":{"line":109,"column":null}},"loc":{"start":{"line":112,"column":10},"end":{"line":118,"column":null}}},"14":{"name":"part1","decl":{"start":{"line":120,"column":16},"end":{"line":120,"column":22}},"loc":{"start":{"line":120,"column":45},"end":{"line":127,"column":null}}},"15":{"name":"(anonymous_15)","decl":{"start":{"line":122,"column":21},"end":{"line":122,"column":22}},"loc":{"start":{"line":122,"column":31},"end":{"line":124,"column":3}}},"16":{"name":"part2","decl":{"start":{"line":129,"column":16},"end":{"line":129,"column":22}},"loc":{"start":{"line":129,"column":45},"end":{"line":136,"column":null}}},"17":{"name":"(anonymous_17)","decl":{"start":{"line":131,"column":21},"end":{"line":131,"column":22}},"loc":{"start":{"line":131,"column":31},"end":{"line":133,"column":3}}}},"branchMap":{"0":{"loc":{"start":{"line":56,"column":4},"end":{"line":58,"column":null}},"type":"if","locations":[{"start":{"line":56,"column":4},"end":{"line":58,"column":null}},{"start":{"line":56,"column":4},"end":{"line":58,"column":null}}]}},"s":{"0":7,"1":7,"2":7,"3":7,"4":6,"5":7,"6":4,"7":4,"8":5,"9":5,"10":15,"11":5,"12":9,"13":27,"14":27,"15":9,"16":5,"17":55,"18":15,"19":55,"20":3,"21":3,"22":3,"23":3,"24":3,"25":3,"26":3,"27":3,"28":2,"29":2,"30":2,"31":2,"32":2,"33":2,"34":2,"35":2,"36":3,"37":3,"38":9,"39":9,"40":3,"41":2,"42":2,"43":2,"44":2,"45":3,"46":3,"47":3,"48":3,"49":3,"50":1,"51":1,"52":1,"53":1,"54":1,"55":1,"56":2,"57":1},"f":{"0":7,"1":4,"2":5,"3":15,"4":9,"5":27,"6":5,"7":55,"8":3,"9":2,"10":3,"11":9,"12":2,"13":3,"14":1,"15":1,"16":1,"17":2},"b":{"0":[15,40]}}
,"/Users/kleeut/dev/adventOfCode2022/src/day6/solution.ts": {"path":"/Users/kleeut/dev/adventOfCode2022/src/day6/solution.ts","statementMap":{"0":{"start":{"line":6,"column":18},"end":{"line":6,"column":null}},"1":{"start":{"line":7,"column":32},"end":{"line":7,"column":null}},"2":{"start":{"line":8,"column":19},"end":{"line":8,"column":null}},"3":{"start":{"line":9,"column":2},"end":{"line":22,"column":null}},"4":{"start":{"line":10,"column":27},"end":{"line":10,"column":null}},"5":{"start":{"line":11,"column":4},"end":{"line":19,"column":null}},"6":{"start":{"line":13,"column":6},"end":{"line":13,"column":null}},"7":{"start":{"line":14,"column":6},"end":{"line":14,"column":null}},"8":{"start":{"line":15,"column":4},"end":{"line":19,"column":null}},"9":{"start":{"line":16,"column":6},"end":{"line":16,"column":null}},"10":{"start":{"line":18,"column":6},"end":{"line":18,"column":null}},"11":{"start":{"line":21,"column":4},"end":{"line":21,"column":null}},"12":{"start":{"line":24,"column":2},"end":{"line":24,"column":null}},"13":{"start":{"line":28,"column":18},"end":{"line":28,"column":null}},"14":{"start":{"line":29,"column":32},"end":{"line":29,"column":null}},"15":{"start":{"line":30,"column":19},"end":{"line":30,"column":null}},"16":{"start":{"line":31,"column":2},"end":{"line":44,"column":null}},"17":{"start":{"line":32,"column":27},"end":{"line":32,"column":null}},"18":{"start":{"line":33,"column":4},"end":{"line":41,"column":null}},"19":{"start":{"line":35,"column":6},"end":{"line":35,"column":null}},"20":{"start":{"line":36,"column":6},"end":{"line":36,"column":null}},"21":{"start":{"line":37,"column":4},"end":{"line":41,"column":null}},"22":{"start":{"line":38,"column":6},"end":{"line":38,"column":null}},"23":{"start":{"line":40,"column":6},"end":{"line":40,"column":null}},"24":{"start":{"line":43,"column":4},"end":{"line":43,"column":null}},"25":{"start":{"line":46,"column":2},"end":{"line":46,"column":null}}},"fnMap":{"0":{"name":"part1","decl":{"start":{"line":5,"column":16},"end":{"line":5,"column":22}},"loc":{"start":{"line":5,"column":45},"end":{"line":25,"column":null}}},"1":{"name":"part2","decl":{"start":{"line":27,"column":16},"end":{"line":27,"column":22}},"loc":{"start":{"line":27,"column":45},"end":{"line":47,"column":null}}}},"branchMap":{"0":{"loc":{"start":{"line":11,"column":4},"end":{"line":19,"column":null}},"type":"if","locations":[{"start":{"line":11,"column":4},"end":{"line":19,"column":null}},{"start":{"line":15,"column":4},"end":{"line":19,"column":null}}]},"1":{"loc":{"start":{"line":15,"column":4},"end":{"line":19,"column":null}},"type":"if","locations":[{"start":{"line":15,"column":4},"end":{"line":19,"column":null}},{"start":{"line":17,"column":11},"end":{"line":19,"column":null}}]},"2":{"loc":{"start":{"line":33,"column":4},"end":{"line":41,"column":null}},"type":"if","locations":[{"start":{"line":33,"column":4},"end":{"line":41,"column":null}},{"start":{"line":37,"column":4},"end":{"line":41,"column":null}}]},"3":{"loc":{"start":{"line":37,"column":4},"end":{"line":41,"column":null}},"type":"if","locations":[{"start":{"line":37,"column":4},"end":{"line":41,"column":null}},{"start":{"line":39,"column":11},"end":{"line":41,"column":null}}]}},"s":{"0":0,"1":0,"2":0,"3":0,"4":0,"5":0,"6":0,"7":0,"8":0,"9":0,"10":0,"11":0,"12":0,"13":5,"14":5,"15":5,"16":5,"17":120,"18":120,"19":25,"20":25,"21":95,"22":90,"23":5,"24":115,"25":0},"f":{"0":0,"1":5},"b":{"0":[0,0],"1":[0,0],"2":[25,95],"3":[90,5]}}
,"/Users/kleeut/dev/adventOfCode2022/src/day8/solution.ts": {"path":"/Users/kleeut/dev/adventOfCode2022/src/day8/solution.ts","statementMap":{"0":{"start":{"line":3,"column":7},"end":{"line":3,"column":null}},"1":{"start":{"line":4,"column":2},"end":{"line":4,"column":null}},"2":{"start":{"line":5,"column":2},"end":{"line":5,"column":null}},"3":{"start":{"line":3,"column":12},"end":{"line":3,"column":null}},"4":{"start":{"line":16,"column":17},"end":{"line":36,"column":null}},"5":{"start":{"line":18,"column":27},"end":{"line":18,"column":null}},"6":{"start":{"line":19,"column":20},"end":{"line":19,"column":null}},"7":{"start":{"line":20,"column":6},"end":{"line":25,"column":null}},"8":{"start":{"line":24,"column":8},"end":{"line":24,"column":null}},"9":{"start":{"line":27,"column":6},"end":{"line":30,"column":null}},"10":{"start":{"line":37,"column":2},"end":{"line":37,"column":null}},"11":{"start":{"line":44,"column":2},"end":{"line":54,"column":null}},"12":{"start":{"line":45,"column":22},"end":{"line":45,"column":null}},"13":{"start":{"line":47,"column":4},"end":{"line":53,"column":null}},"14":{"start":{"line":59,"column":26},"end":{"line":59,"column":null}},"15":{"start":{"line":60,"column":27},"end":{"line":60,"column":null}},"16":{"start":{"line":61,"column":2},"end":{"line":61,"column":null}},"17":{"start":{"line":65,"column":21},"end":{"line":65,"column":null}},"18":{"start":{"line":66,"column":2},"end":{"line":73,"column":null}},"19":{"start":{"line":67,"column":4},"end":{"line":72,"column":null}},"20":{"start":{"line":68,"column":6},"end":{"line":70,"column":null}},"21":{"start":{"line":69,"column":8},"end":{"line":69,"column":null}},"22":{"start":{"line":71,"column":6},"end":{"line":71,"column":null}},"23":{"start":{"line":74,"column":2},"end":{"line":74,"column":null}},"24":{"start":{"line":81,"column":2},"end":{"line":83,"column":null}},"25":{"start":{"line":82,"column":4},"end":{"line":82,"column":null}},"26":{"start":{"line":87,"column":2},"end":{"line":87,"column":null}},"27":{"start":{"line":87,"column":41},"end":{"line":87,"column":67}},"28":{"start":{"line":91,"column":16},"end":{"line":91,"column":null}},"29":{"start":{"line":92,"column":17},"end":{"line":92,"column":null}},"30":{"start":{"line":93,"column":22},"end":{"line":93,"column":null}},"31":{"start":{"line":94,"column":22},"end":{"line":96,"column":null}},"32":{"start":{"line":97,"column":19},"end":{"line":97,"column":null}},"33":{"start":{"line":98,"column":2},"end":{"line":100,"column":null}},"34":{"start":{"line":99,"column":4},"end":{"line":99,"column":null}},"35":{"start":{"line":99,"column":20},"end":{"line":99,"column":52}},"36":{"start":{"line":121,"column":20},"end":{"line":121,"column":null}},"37":{"start":{"line":122,"column":20},"end":{"line":122,"column":null}},"38":{"start":{"line":123,"column":37},"end":{"line":137,"column":null}},"39":{"start":{"line":125,"column":6},"end":{"line":127,"column":null}},"40":{"start":{"line":126,"column":8},"end":{"line":126,"column":null}},"41":{"start":{"line":128,"column":6},"end":{"line":130,"column":null}},"42":{"start":{"line":129,"column":8},"end":{"line":129,"column":null}},"43":{"start":{"line":131,"column":6},"end":{"line":131,"column":null}},"44":{"start":{"line":138,"column":17},"end":{"line":143,"column":null}},"45":{"start":{"line":144,"column":2},"end":{"line":144,"column":null}},"46":{"start":{"line":148,"column":10},"end":{"line":148,"column":null}},"47":{"start":{"line":149,"column":2},"end":{"line":153,"column":null}},"48":{"start":{"line":150,"column":4},"end":{"line":152,"column":null}},"49":{"start":{"line":151,"column":6},"end":{"line":151,"column":null}},"50":{"start":{"line":154,"column":2},"end":{"line":154,"column":null}},"51":{"start":{"line":161,"column":59},"end":{"line":164,"column":null}},"52":{"start":{"line":165,"column":16},"end":{"line":168,"column":null}},"53":{"start":{"line":169,"column":15},"end":{"line":172,"column":null}},"54":{"start":{"line":173,"column":16},"end":{"line":176,"column":null}},"55":{"start":{"line":177,"column":15},"end":{"line":180,"column":null}},"56":{"start":{"line":181,"column":2},"end":{"line":181,"column":null}},"57":{"start":{"line":185,"column":12},"end":{"line":185,"column":null}},"58":{"start":{"line":186,"column":14},"end":{"line":186,"column":null}},"59":{"start":{"line":187,"column":2},"end":{"line":194,"column":null}},"60":{"start":{"line":187,"column":15},"end":{"line":187,"column":18}},"61":{"start":{"line":188,"column":4},"end":{"line":193,"column":null}},"62":{"start":{"line":188,"column":17},"end":{"line":188,"column":20}},"63":{"start":{"line":189,"column":22},"end":{"line":189,"column":null}},"64":{"start":{"line":190,"column":6},"end":{"line":192,"column":null}},"65":{"start":{"line":191,"column":8},"end":{"line":191,"column":null}},"66":{"start":{"line":195,"column":2},"end":{"line":195,"column":null}}},"fnMap":{"0":{"name":"(anonymous_0)","decl":{"start":{"line":3,"column":7},"end":{"line":3,"column":12}},"loc":{"start":{"line":3,"column":7},"end":{"line":3,"column":null}}},"1":{"name":"assessTreeLine","decl":{"start":{"line":15,"column":16},"end":{"line":15,"column":31}},"loc":{"start":{"line":15,"column":69},"end":{"line":38,"column":null}}},"2":{"name":"(anonymous_2)","decl":{"start":{"line":17,"column":4},"end":{"line":17,"column":5}},"loc":{"start":{"line":17,"column":27},"end":{"line":31,"column":null}}},"3":{"name":"combineLines","decl":{"start":{"line":40,"column":9},"end":{"line":40,"column":null}},"loc":{"start":{"line":43,"column":20},"end":{"line":55,"column":null}}},"4":{"name":"(anonymous_4)","decl":{"start":{"line":44,"column":17},"end":{"line":44,"column":18}},"loc":{"start":{"line":44,"column":34},"end":{"line":54,"column":3}}},"5":{"name":"assessTreeLineBidirectional","decl":{"start":{"line":56,"column":16},"end":{"line":56,"column":null}},"loc":{"start":{"line":58,"column":20},"end":{"line":62,"column":null}}},"6":{"name":"columnsAsRows","decl":{"start":{"line":64,"column":16},"end":{"line":64,"column":33}},"loc":{"start":{"line":64,"column":53},"end":{"line":75,"column":null}}},"7":{"name":"(anonymous_7)","decl":{"start":{"line":66,"column":15},"end":{"line":66,"column":16}},"loc":{"start":{"line":66,"column":34},"end":{"line":73,"column":3}}},"8":{"name":"(anonymous_8)","decl":{"start":{"line":67,"column":16},"end":{"line":67,"column":17}},"loc":{"start":{"line":67,"column":41},"end":{"line":72,"column":5}}},"9":{"name":"combineAssessments","decl":{"start":{"line":77,"column":16},"end":{"line":77,"column":null}},"loc":{"start":{"line":80,"column":22},"end":{"line":84,"column":null}}},"10":{"name":"(anonymous_10)","decl":{"start":{"line":81,"column":17},"end":{"line":81,"column":18}},"loc":{"start":{"line":81,"column":34},"end":{"line":83,"column":3}}},"11":{"name":"parseToMap","decl":{"start":{"line":86,"column":9},"end":{"line":86,"column":20}},"loc":{"start":{"line":86,"column":40},"end":{"line":88,"column":null}}},"12":{"name":"(anonymous_12)","decl":{"start":{"line":87,"column":31},"end":{"line":87,"column":32}},"loc":{"start":{"line":87,"column":41},"end":{"line":87,"column":67}}},"13":{"name":"part1","decl":{"start":{"line":90,"column":16},"end":{"line":90,"column":22}},"loc":{"start":{"line":90,"column":45},"end":{"line":101,"column":null}}},"14":{"name":"(anonymous_14)","decl":{"start":{"line":98,"column":26},"end":{"line":98,"column":27}},"loc":{"start":{"line":99,"column":4},"end":{"line":99,"column":null}}},"15":{"name":"(anonymous_15)","decl":{"start":{"line":99,"column":13},"end":{"line":99,"column":14}},"loc":{"start":{"line":99,"column":20},"end":{"line":99,"column":52}}},"16":{"name":"findTreeLines","decl":{"start":{"line":112,"column":16},"end":{"line":112,"column":null}},"loc":{"start":{"line":120,"column":2},"end":{"line":145,"column":null}}},"17":{"name":"(anonymous_17)","decl":{"start":{"line":124,"column":4},"end":{"line":124,"column":5}},"loc":{"start":{"line":124,"column":17},"end":{"line":132,"column":null}}},"18":{"name":"countVisibleTrees","decl":{"start":{"line":147,"column":16},"end":{"line":147,"column":34}},"loc":{"start":{"line":147,"column":76},"end":{"line":155,"column":null}}},"19":{"name":"countVisibleTreesFromTree","decl":{"start":{"line":157,"column":16},"end":{"line":157,"column":null}},"loc":{"start":{"line":160,"column":10},"end":{"line":182,"column":null}}},"20":{"name":"part2","decl":{"start":{"line":184,"column":16},"end":{"line":184,"column":22}},"loc":{"start":{"line":184,"column":45},"end":{"line":196,"column":null}}}},"branchMap":{"0":{"loc":{"start":{"line":3,"column":12},"end":{"line":3,"column":null}},"type":"binary-expr","locations":[{"start":{"line":3,"column":12},"end":{"line":3,"column":null}},{"start":{"line":3,"column":12},"end":{"line":3,"column":null}}]},"1":{"loc":{"start":{"line":20,"column":6},"end":{"line":25,"column":null}},"type":"if","locations":[{"start":{"line":20,"column":6},"end":{"line":25,"column":null}},{"start":{"line":20,"column":6},"end":{"line":25,"column":null}}]},"2":{"loc":{"start":{"line":21,"column":8},"end":{"line":22,"column":null}},"type":"binary-expr","locations":[{"start":{"line":21,"column":8},"end":{"line":21,"column":null}},{"start":{"line":22,"column":9},"end":{"line":22,"column":42}},{"start":{"line":22,"column":42},"end":{"line":22,"column":null}}]},"3":{"loc":{"start":{"line":50,"column":8},"end":{"line":52,"column":null}},"type":"cond-expr","locations":[{"start":{"line":51,"column":12},"end":{"line":51,"column":null}},{"start":{"line":52,"column":12},"end":{"line":52,"column":null}}]},"4":{"loc":{"start":{"line":68,"column":6},"end":{"line":70,"column":null}},"type":"if","locations":[{"start":{"line":68,"column":6},"end":{"line":70,"column":null}},{"start":{"line":68,"column":6},"end":{"line":70,"column":null}}]},"5":{"loc":{"start":{"line":125,"column":6},"end":{"line":127,"column":null}},"type":"if","locations":[{"start":{"line":125,"column":6},"end":{"line":127,"column":null}},{"start":{"line":125,"column":6},"end":{"line":127,"column":null}}]},"6":{"loc":{"start":{"line":128,"column":6},"end":{"line":130,"column":null}},"type":"if","locations":[{"start":{"line":128,"column":6},"end":{"line":130,"column":null}},{"start":{"line":128,"column":6},"end":{"line":130,"column":null}}]},"7":{"loc":{"start":{"line":150,"column":4},"end":{"line":152,"column":null}},"type":"if","locations":[{"start":{"line":150,"column":4},"end":{"line":152,"column":null}},{"start":{"line":150,"column":4},"end":{"line":152,"column":null}}]},"8":{"loc":{"start":{"line":190,"column":6},"end":{"line":192,"column":null}},"type":"if","locations":[{"start":{"line":190,"column":6},"end":{"line":192,"column":null}},{"start":{"line":190,"column":6},"end":{"line":192,"column":null}}]}},"s":{"0":4,"1":4,"2":4,"3":4,"4":116,"5":620,"6":620,"7":620,"8":372,"9":620,"10":116,"11":84,"12":436,"13":436,"14":56,"15":56,"16":56,"17":20,"18":20,"19":80,"20":344,"21":80,"22":344,"23":20,"24":8,"25":28,"26":12,"27":60,"28":4,"29":4,"30":4,"31":4,"32":4,"33":4,"34":20,"35":100,"36":216,"37":216,"38":216,"39":1064,"40":424,"41":1064,"42":424,"43":1064,"44":216,"45":216,"46":876,"47":876,"48":1080,"49":536,"50":340,"51":212,"52":212,"53":212,"54":212,"55":212,"56":212,"57":4,"58":4,"59":4,"60":4,"61":20,"62":20,"63":100,"64":100,"65":8,"66":4},"f":{"0":4,"1":116,"2":620,"3":84,"4":436,"5":56,"6":20,"7":80,"8":344,"9":8,"10":28,"11":12,"12":60,"13":4,"14":20,"15":100,"16":216,"17":1064,"18":876,"19":212,"20":4},"b":{"0":[4,4],"1":[372,248],"2":[620,504,296],"3":[228,208],"4":[80,264],"5":[424,640],"6":[424,640],"7":[536,544],"8":[8,92]}}
}
